SF:lib\src\features\Login\data\datasources\login_api_data_source.dart
DA:14,1
DA:16,1
DA:22,2
DA:23,1
DA:24,2
DA:26,0
LF:6
LH:5
end_of_record
SF:lib\src\features\Login\data\models\credentials_dto.dart
DA:8,1
DA:10,1
DA:11,1
DA:12,1
DA:13,1
DA:17,0
DA:18,0
DA:19,0
DA:20,0
DA:24,3
DA:26,0
DA:27,0
LF:12
LH:6
end_of_record
SF:lib\src\features\Login\data\models\jwt_token_model.dart
DA:6,3
DA:8,1
DA:9,1
DA:10,1
DA:14,2
DA:15,2
DA:16,2
DA:20,3
DA:22,1
DA:23,2
LF:10
LH:10
end_of_record
SF:lib\src\features\Login\domain\entities\jwt_token.dart
DA:6,4
DA:11,1
DA:12,2
LF:3
LH:3
end_of_record
SF:lib\src\features\signup\data\data_sources\signup_datasource.dart
DA:17,0
DA:23,0
DA:28,0
DA:29,0
DA:30,0
DA:32,0
DA:33,0
DA:35,0
LF:8
LH:0
end_of_record
SF:lib\src\features\signup\data\repositories\auth_repository_impl.dart
DA:11,0
DA:13,0
DA:15,0
LF:3
LH:0
end_of_record
SF:lib\src\features\signup\data\models\signup_failed.dart
DA:4,0
DA:7,0
DA:9,0
DA:10,0
LF:4
LH:0
end_of_record
SF:lib\src\features\signup\data\models\user_model.dart
DA:12,1
DA:20,0
DA:21,0
DA:22,0
DA:23,0
DA:24,0
DA:25,0
DA:26,0
DA:27,0
DA:30,0
DA:31,0
DA:32,0
DA:33,0
DA:34,0
DA:35,0
DA:36,0
DA:37,0
LF:17
LH:1
end_of_record
SF:lib\utilities\failure.dart
DA:13,0
DA:17,0
DA:18,0
LF:3
LH:0
end_of_record
SF:lib\src\features\signup\domain\entities\user.dart
DA:19,1
DA:27,0
DA:28,0
LF:3
LH:1
end_of_record
SF:lib\src\features\signup\signup_params.dart
DA:8,0
DA:11,0
LF:2
LH:0
end_of_record
SF:lib\src\features\signup\domain\use_cases\sign_up_with_email_usecase.dart
DA:22,1
DA:24,1
DA:26,2
LF:3
LH:3
end_of_record
SF:lib\src\features\signup\presentation\logic\auth_state.dart
DA:4,0
DA:8,0
DA:9,0
DA:16,0
DA:18,0
DA:19,0
DA:23,0
DA:24,0
DA:28,0
DA:29,0
DA:35,0
DA:37,0
DA:38,0
DA:44,0
DA:46,0
DA:47,0
DA:53,0
DA:55,0
DA:56,0
DA:60,0
DA:61,0
DA:65,0
DA:66,0
DA:72,0
DA:74,0
DA:75,0
DA:81,0
DA:83,0
DA:84,0
DA:90,0
DA:92,0
DA:93,0
DA:99,0
DA:101,0
DA:102,0
DA:106,0
DA:107,0
LF:37
LH:0
end_of_record
SF:lib\src\features\signup\presentation\logic\auth_event.dart
DA:4,0
DA:10,0
DA:12,0
DA:13,0
DA:19,0
DA:21,0
DA:22,0
DA:26,0
DA:27,0
DA:31,0
DA:32,0
DA:38,0
DA:40,0
DA:41,0
DA:47,0
DA:49,0
DA:50,0
DA:56,0
DA:58,0
DA:59,0
LF:20
LH:0
end_of_record
SF:lib\src\features\signup\presentation\logic\auth_bloc.dart
DA:20,0
DA:21,0
DA:24,0
DA:25,0
DA:26,0
DA:27,0
DA:28,0
DA:29,0
DA:31,0
LF:9
LH:0
end_of_record
SF:lib\core\error\failures.dart
DA:4,0
DA:5,0
LF:2
LH:0
end_of_record
SF:lib\core\usecases\usecase.dart
DA:11,0
DA:12,0
LF:2
LH:0
end_of_record
SF:lib\src\features\Login\data\repositories\login_repository_impl.dart
DA:10,0
DA:13,0
LF:2
LH:0
end_of_record
SF:lib\src\features\Login\domain\usecases\login_with_email.dart
DA:12,1
DA:13,1
DA:15,2
DA:20,1
DA:27,0
DA:28,0
DA:29,0
DA:32,0
DA:33,0
DA:34,0
DA:35,0
DA:39,0
DA:40,0
LF:13
LH:4
end_of_record
